<?xml version="1.0" encoding="UTF-8"?>
<testsuite name="Tests" tests="1" skipped="0" failures="0" errors="0" timestamp="2025-03-23T12:28:59" hostname="KOKA" time="0.341">
  <properties/>
  <testcase name="start" classname="Tests" time="0.341"/>
  <system-out><![CDATA[?[1;31m
Start test 1?[0m
?[1;31m
Start test 2?[0m
?[1;31m
Start test 3?[0m
?[1;31m
Start test 4?[0m
?[1;31m
Start test 5?[0m
?[1;31m
Start test 6?[0m
]]></system-out>
  <system-err><![CDATA[?[0;34mSLF4J: Failed to load class "org.slf4j.impl.StaticLoggerBinder".
?[0m?[0;34mSLF4J: Defaulting to no-operation (NOP) logger implementation
?[0m?[0;34mSLF4J: See http://www.slf4j.org/codes.html#StaticLoggerBinder for further details.
]]></system-err>
</testsuite>
